Arguments: 
  C:\Program Files\nodejs\node.exe C:\Program Files (x86)\Yarn\bin\yarn.js build

PATH: 
  C:\Program Files\Docker\Docker\Resources\bin;C:\Program Files (x86)\Common Files\Oracle\Java\javapath;C:\ProgramData\Oracle\Java\javapath;C:\WINDOWS\system32;C:\WINDOWS;C:\WINDOWS\System32\Wbem;C:\WINDOWS\System32\WindowsPowerShell\v1.0\;C:\Program Files\nodejs\;C:\xampp\php;C:\ProgramData\ComposerSetup\bin;C:\ProgramData\chocolatey\bin;C:\Program Files (x86)\Windows Kits\8.1\Windows Performance Toolkit\;C:\Program Files\PuTTY\;C:\Program Files\Git\cmd;C:\Program Files (x86)\Yarn\bin\;C:\WINDOWS\System32\OpenSSH\;C:\Users\bhram\AppData\Local\Programs\Python\Python36-32\Scripts\;C:\Users\bhram\AppData\Local\Programs\Python\Python36-32\;C:\Users\bhram\AppData\Local\Microsoft\WindowsApps;C:\Users\bhram\AppData\Roaming\npm;C:\Program Files\Microsoft VS Code\bin;C:\Users\bhram\AppData\Local\Android\Sdk\emulator;C:\Users\bhram\AppData\Local\Android\Sdk\platform-tools;C:\Users\bhram\AppData\Roaming\Composer\vendor\bin;C:\Program Files\gs\gs9.22\bin;C:\Program Files\Java\jdk1.8.0_151\bin;C:\Program Files\Java\jdk1.8.0_151;C:\Users\bhram\AppData\Local\Programs\Fiddler;C:\Program Files\JetBrains\PhpStorm 2017.2\bin;C:\Users\bhram\AppData\Roaming\cmder;C:\Users\bhram\AppData\Local\Android\Sdk\tools;C:\Users\bhram\AppData\Roaming\openssl-0.9.8k_X64\bin;C:\Program Files\Heroku\bin;C:\Users\bhram\AppData\Local\flutter\bin;C:\ffmpeg;C:\Users\bhram\AppData\Local\Yarn\bin;C:\Program Files\MongoDB\Server\3.6\bin;C:\Users\bhram\AppData\Local\.meteor;C:\Users\bhram\AppData\Local\Microsoft\WindowsApps;C:\Users\bhram\Downloads\bin;c:\xampp\mysql\bin;

Yarn version: 
  1.5.1

Node version: 
  8.9.3

Platform: 
  win32 x64

npm manifest: 
  {
    "name": "graphql-template",
    "version": "1.0.0",
    "description": "",
    "main": "index.js",
    "scripts": {
      "yarn build":"tsc index.ts --declaration --module amd"
    },
    "author": "bhram",
    "license": "ISC"
  }

yarn manifest: 
  No manifest

Lockfile: 
  No lockfile

Trace: 
  Error: Command "build" not found.
      at new MessageError (C:\Program Files (x86)\Yarn\lib\cli.js:186:110)
      at C:\Program Files (x86)\Yarn\lib\cli.js:87307:17
      at Generator.next (<anonymous>)
      at step (C:\Program Files (x86)\Yarn\lib\cli.js:98:30)
      at C:\Program Files (x86)\Yarn\lib\cli.js:116:14
      at new Promise (<anonymous>)
      at new F (C:\Program Files (x86)\Yarn\lib\cli.js:23451:28)
      at C:\Program Files (x86)\Yarn\lib\cli.js:95:12
      at runCommand (C:\Program Files (x86)\Yarn\lib\cli.js:87312:22)
      at Object.<anonymous> (C:\Program Files (x86)\Yarn\lib\cli.js:87412:14)
